<?xml version="1.0" encoding="UTF-8"?>
<!-- Generated by org.testng.reporters.JUnitReportReporter -->
<testsuite hostname="Shamal-PC" failures="0" tests="1" name="testRunner.TestRunner" time="3.761" errors="0" timestamp="2025-01-20T13:18:24 IST" skipped="0">
  <testcase classname="testRunner.TestRunner" name="runScenario" time="3.761"/>
</testsuite> <!-- testRunner.TestRunner -->
